<?xml version="1.0" encoding="UTF-8"?>
<testng-results skipped="0" failed="0" total="1" passed="1">
  <reporter-output>
  </reporter-output>
  <suite name="Default suite" duration-ms="59439" started-at="2016-09-13T00:26:51Z" finished-at="2016-09-13T00:27:50Z">
    <groups>
    </groups>
    <test name="Default test" duration-ms="59439" started-at="2016-09-13T00:26:51Z" finished-at="2016-09-13T00:27:50Z">
      <class name="demo.DDFdemo">
        <test-method status="PASS" signature="openBrowser()[pri:0, instance:demo.DDFdemo@1bb089b]" name="openBrowser" is-config="true" duration-ms="27048" started-at="2016-09-12T20:26:51Z" finished-at="2016-09-12T20:27:18Z">
          <reporter-output>
          </reporter-output>
        </test-method> <!-- openBrowser -->
        <test-method status="PASS" signature="testFb()[pri:0, instance:demo.DDFdemo@1bb089b]" name="testFb" duration-ms="32191" started-at="2016-09-12T20:27:18Z" finished-at="2016-09-12T20:27:50Z">
          <reporter-output>
          </reporter-output>
        </test-method> <!-- testFb -->
      </class> <!-- demo.DDFdemo -->
    </test> <!-- Default test -->
  </suite> <!-- Default suite -->
</testng-results>
